<?xml version="1.0" encoding="UTF-8"?>
<testsuite name="com.banking.customer.service.CustomerServiceTest" tests="23" skipped="0" failures="0" errors="0" timestamp="2026-03-19T08:35:59" hostname="Mac" time="0.196">
  <properties/>
  <testcase name="shouldSearchCustomersByType()" classname="com.banking.customer.service.CustomerServiceTest" time="0.154"/>
  <testcase name="shouldGetCustomerByCustomerNumber()" classname="com.banking.customer.service.CustomerServiceTest" time="0.002"/>
  <testcase name="shouldThrowCustomerNotFoundExceptionWhenUpdatingNonExistentCustomer()" classname="com.banking.customer.service.CustomerServiceTest" time="0.002"/>
  <testcase name="shouldSearchCustomers()" classname="com.banking.customer.service.CustomerServiceTest" time="0.005"/>
  <testcase name="shouldThrowCustomerNotFoundExceptionWhenGettingNonExistentCustomerById()" classname="com.banking.customer.service.CustomerServiceTest" time="0.001"/>
  <testcase name="shouldHandleNullTaxIdInValidation()" classname="com.banking.customer.service.CustomerServiceTest" time="0.002"/>
  <testcase name="shouldSearchCustomersByStatus()" classname="com.banking.customer.service.CustomerServiceTest" time="0.002"/>
  <testcase name="shouldSearchCustomersWithMultipleFilters()" classname="com.banking.customer.service.CustomerServiceTest" time="0.001"/>
  <testcase name="shouldCreateIndividualCustomer()" classname="com.banking.customer.service.CustomerServiceTest" time="0.002"/>
  <testcase name="shouldUpdateCustomer()" classname="com.banking.customer.service.CustomerServiceTest" time="0.002"/>
  <testcase name="shouldSearchCustomersReturnsEmptyPage()" classname="com.banking.customer.service.CustomerServiceTest" time="0.001"/>
  <testcase name="shouldUpdateCustomerWithTaxIdChange()" classname="com.banking.customer.service.CustomerServiceTest" time="0.002"/>
  <testcase name="shouldHaveCorrectErrorCodeForDuplicateCustomerException()" classname="com.banking.customer.service.CustomerServiceTest" time="0.001"/>
  <testcase name="shouldThrowDuplicateCustomerExceptionWhenUpdatingTaxIdToExisting()" classname="com.banking.customer.service.CustomerServiceTest" time="0.001"/>
  <testcase name="shouldNotValidateTaxIdWhenNotChanged()" classname="com.banking.customer.service.CustomerServiceTest" time="0.001"/>
  <testcase name="shouldThrowCustomerNotFoundExceptionWhenGettingNonExistentCustomerByNumber()" classname="com.banking.customer.service.CustomerServiceTest" time="0.0"/>
  <testcase name="shouldGetCustomerById()" classname="com.banking.customer.service.CustomerServiceTest" time="0.001"/>
  <testcase name="shouldValidateCustomerNumberUniqueness()" classname="com.banking.customer.service.CustomerServiceTest" time="0.001"/>
  <testcase name="shouldCreateSMECustomer()" classname="com.banking.customer.service.CustomerServiceTest" time="0.002"/>
  <testcase name="shouldHaveCorrectErrorCodeForCustomerNotFoundException()" classname="com.banking.customer.service.CustomerServiceTest" time="0.001"/>
  <testcase name="shouldCreateCorporateCustomer()" classname="com.banking.customer.service.CustomerServiceTest" time="0.001"/>
  <testcase name="shouldGenerateUniqueCustomerNumber()" classname="com.banking.customer.service.CustomerServiceTest" time="0.002"/>
  <testcase name="shouldThrowDuplicateCustomerExceptionWhenTaxIdExists()" classname="com.banking.customer.service.CustomerServiceTest" time="0.0"/>
  <system-out><![CDATA[]]></system-out>
  <system-err><![CDATA[]]></system-err>
</testsuite>
