<?xml version="1.0" encoding="UTF-8"?>
<testsuite name="com.banking.customer.service.CustomerServiceTest" tests="23" skipped="0" failures="0" errors="0" timestamp="2026-03-19T08:16:34" hostname="Mac" time="0.655">
  <properties/>
  <testcase name="shouldSearchCustomersByType()" classname="com.banking.customer.service.CustomerServiceTest" time="0.615"/>
  <testcase name="shouldGetCustomerByCustomerNumber()" classname="com.banking.customer.service.CustomerServiceTest" time="0.003"/>
  <testcase name="shouldThrowCustomerNotFoundExceptionWhenUpdatingNonExistentCustomer()" classname="com.banking.customer.service.CustomerServiceTest" time="0.002"/>
  <testcase name="shouldSearchCustomers()" classname="com.banking.customer.service.CustomerServiceTest" time="0.003"/>
  <testcase name="shouldThrowCustomerNotFoundExceptionWhenGettingNonExistentCustomerById()" classname="com.banking.customer.service.CustomerServiceTest" time="0.001"/>
  <testcase name="shouldHandleNullTaxIdInValidation()" classname="com.banking.customer.service.CustomerServiceTest" time="0.002"/>
  <testcase name="shouldSearchCustomersByStatus()" classname="com.banking.customer.service.CustomerServiceTest" time="0.001"/>
  <testcase name="shouldSearchCustomersWithMultipleFilters()" classname="com.banking.customer.service.CustomerServiceTest" time="0.001"/>
  <testcase name="shouldCreateIndividualCustomer()" classname="com.banking.customer.service.CustomerServiceTest" time="0.002"/>
  <testcase name="shouldUpdateCustomer()" classname="com.banking.customer.service.CustomerServiceTest" time="0.002"/>
  <testcase name="shouldSearchCustomersReturnsEmptyPage()" classname="com.banking.customer.service.CustomerServiceTest" time="0.001"/>
  <testcase name="shouldUpdateCustomerWithTaxIdChange()" classname="com.banking.customer.service.CustomerServiceTest" time="0.001"/>
  <testcase name="shouldHaveCorrectErrorCodeForDuplicateCustomerException()" classname="com.banking.customer.service.CustomerServiceTest" time="0.002"/>
  <testcase name="shouldThrowDuplicateCustomerExceptionWhenUpdatingTaxIdToExisting()" classname="com.banking.customer.service.CustomerServiceTest" time="0.001"/>
  <testcase name="shouldNotValidateTaxIdWhenNotChanged()" classname="com.banking.customer.service.CustomerServiceTest" time="0.001"/>
  <testcase name="shouldThrowCustomerNotFoundExceptionWhenGettingNonExistentCustomerByNumber()" classname="com.banking.customer.service.CustomerServiceTest" time="0.001"/>
  <testcase name="shouldGetCustomerById()" classname="com.banking.customer.service.CustomerServiceTest" time="0.001"/>
  <testcase name="shouldValidateCustomerNumberUniqueness()" classname="com.banking.customer.service.CustomerServiceTest" time="0.001"/>
  <testcase name="shouldCreateSMECustomer()" classname="com.banking.customer.service.CustomerServiceTest" time="0.002"/>
  <testcase name="shouldHaveCorrectErrorCodeForCustomerNotFoundException()" classname="com.banking.customer.service.CustomerServiceTest" time="0.0"/>
  <testcase name="shouldCreateCorporateCustomer()" classname="com.banking.customer.service.CustomerServiceTest" time="0.001"/>
  <testcase name="shouldGenerateUniqueCustomerNumber()" classname="com.banking.customer.service.CustomerServiceTest" time="0.002"/>
  <testcase name="shouldThrowDuplicateCustomerExceptionWhenTaxIdExists()" classname="com.banking.customer.service.CustomerServiceTest" time="0.001"/>
  <system-out><![CDATA[]]></system-out>
  <system-err><![CDATA[WARNING: A Java agent has been loaded dynamically (/Users/me/.gradle/caches/modules-2/files-2.1/net.bytebuddy/byte-buddy-agent/1.14.13/979ce25f7d3096a2e82214ba7dc972a05ce7a171/byte-buddy-agent-1.14.13.jar)
WARNING: If a serviceability tool is in use, please run with -XX:+EnableDynamicAgentLoading to hide this warning
WARNING: If a serviceability tool is not in use, please run with -Djdk.instrument.traceUsage for more information
WARNING: Dynamic loading of agents will be disallowed by default in a future release
]]></system-err>
</testsuite>
