<?xml version="1.0" encoding="UTF-8"?>
<testsuite name="com.banking.customer.controller.KYCControllerTest" tests="9" skipped="0" failures="0" errors="0" timestamp="2026-03-19T09:11:19" hostname="Mac" time="0.041">
  <properties/>
  <testcase name="shouldApproveKYC()" classname="com.banking.customer.controller.KYCControllerTest" time="0.007"/>
  <testcase name="shouldReturn400WhenInitiateKYCWithMissingCustomerId()" classname="com.banking.customer.controller.KYCControllerTest" time="0.004"/>
  <testcase name="shouldReturn404WhenKYCCheckNotFound()" classname="com.banking.customer.controller.KYCControllerTest" time="0.002"/>
  <testcase name="shouldReturn400WhenInvalidKYCState()" classname="com.banking.customer.controller.KYCControllerTest" time="0.002"/>
  <testcase name="shouldSubmitDocuments()" classname="com.banking.customer.controller.KYCControllerTest" time="0.007"/>
  <testcase name="shouldUpdateKYC()" classname="com.banking.customer.controller.KYCControllerTest" time="0.004"/>
  <testcase name="shouldSubmitForReview()" classname="com.banking.customer.controller.KYCControllerTest" time="0.001"/>
  <testcase name="shouldInitiateKYC()" classname="com.banking.customer.controller.KYCControllerTest" time="0.002"/>
  <testcase name="shouldRejectKYC()" classname="com.banking.customer.controller.KYCControllerTest" time="0.006"/>
  <system-out><![CDATA[2026-03-19T16:11:19.548+07:00  INFO 83023 --- [customer-module] [    Test worker] t.c.s.AnnotationConfigContextLoaderUtils : Could not detect default configuration classes for test class [com.banking.customer.controller.KYCControllerTest]: KYCControllerTest does not declare any static, non-private, non-final, nested classes annotated with @Configuration.
2026-03-19T16:11:19.552+07:00  INFO 83023 --- [customer-module] [    Test worker] .b.t.c.SpringBootTestContextBootstrapper : Found @SpringBootConfiguration com.banking.customer.CustomerModuleApplication for test class com.banking.customer.controller.KYCControllerTest

  .   ____          _            __ _ _
 /\\ / ___'_ __ _ _(_)_ __  __ _ \ \ \ \
( ( )\___ | '_ | '_| | '_ \/ _` | \ \ \ \
 \\/  ___)| |_)| | | | | || (_| |  ) ) ) )
  '  |____| .__|_| |_|_| |_\__, | / / / /
 =========|_|==============|___/=/_/_/_/
 :: Spring Boot ::                (v3.2.5)

2026-03-19T16:11:19.562+07:00  INFO 83023 --- [customer-module] [    Test worker] c.b.c.controller.KYCControllerTest       : Starting KYCControllerTest using Java 21.0.6 with PID 83023 (started by me in /Users/me/myprojects/opencode-superpowers/.worktrees/foundation)
2026-03-19T16:11:19.562+07:00  INFO 83023 --- [customer-module] [    Test worker] c.b.c.controller.KYCControllerTest       : No active profile set, falling back to 1 default profile: "default"
2026-03-19T16:11:19.693+07:00  INFO 83023 --- [customer-module] [    Test worker] o.s.b.t.m.w.SpringBootMockServletContext : Initializing Spring TestDispatcherServlet ''
2026-03-19T16:11:19.693+07:00  INFO 83023 --- [customer-module] [    Test worker] o.s.t.web.servlet.TestDispatcherServlet  : Initializing Servlet ''
2026-03-19T16:11:19.694+07:00  INFO 83023 --- [customer-module] [    Test worker] o.s.t.web.servlet.TestDispatcherServlet  : Completed initialization in 0 ms
2026-03-19T16:11:19.697+07:00  INFO 83023 --- [customer-module] [    Test worker] c.b.c.controller.KYCControllerTest       : Started KYCControllerTest in 0.144 seconds (process running for 2.96)
]]></system-out>
  <system-err><![CDATA[]]></system-err>
</testsuite>
