<?xml version="1.0" encoding="UTF-8"?>
<testsuite name="com.banking.customer.controller.EmploymentControllerTest" tests="5" skipped="0" failures="0" errors="0" timestamp="2026-03-19T09:11:19" hostname="Mac" time="0.022">
  <properties/>
  <testcase name="shouldReturn400WhenEmploymentNotFound()" classname="com.banking.customer.controller.EmploymentControllerTest" time="0.005"/>
  <testcase name="shouldCreateEmployment()" classname="com.banking.customer.controller.EmploymentControllerTest" time="0.007"/>
  <testcase name="shouldBulkUploadEmployees()" classname="com.banking.customer.controller.EmploymentControllerTest" time="0.004"/>
  <testcase name="shouldReturn404WhenEmployeeNotFound()" classname="com.banking.customer.controller.EmploymentControllerTest" time="0.002"/>
  <testcase name="shouldGetEmploymentById()" classname="com.banking.customer.controller.EmploymentControllerTest" time="0.002"/>
  <system-out><![CDATA[2026-03-19T16:11:19.046+07:00  INFO 83023 --- [customer-module] [    Test worker] t.c.s.AnnotationConfigContextLoaderUtils : Could not detect default configuration classes for test class [com.banking.customer.controller.EmploymentControllerTest]: EmploymentControllerTest does not declare any static, non-private, non-final, nested classes annotated with @Configuration.
2026-03-19T16:11:19.049+07:00  INFO 83023 --- [customer-module] [    Test worker] .b.t.c.SpringBootTestContextBootstrapper : Found @SpringBootConfiguration com.banking.customer.CustomerModuleApplication for test class com.banking.customer.controller.EmploymentControllerTest

  .   ____          _            __ _ _
 /\\ / ___'_ __ _ _(_)_ __  __ _ \ \ \ \
( ( )\___ | '_ | '_| | '_ \/ _` | \ \ \ \
 \\/  ___)| |_)| | | | | || (_| |  ) ) ) )
  '  |____| .__|_| |_|_| |_\__, | / / / /
 =========|_|==============|___/=/_/_/_/
 :: Spring Boot ::                (v3.2.5)

2026-03-19T16:11:19.059+07:00  INFO 83023 --- [customer-module] [    Test worker] c.b.c.c.EmploymentControllerTest         : Starting EmploymentControllerTest using Java 21.0.6 with PID 83023 (started by me in /Users/me/myprojects/opencode-superpowers/.worktrees/foundation)
2026-03-19T16:11:19.059+07:00  INFO 83023 --- [customer-module] [    Test worker] c.b.c.c.EmploymentControllerTest         : No active profile set, falling back to 1 default profile: "default"
2026-03-19T16:11:19.499+07:00  INFO 83023 --- [customer-module] [    Test worker] o.s.b.t.m.w.SpringBootMockServletContext : Initializing Spring TestDispatcherServlet ''
2026-03-19T16:11:19.499+07:00  INFO 83023 --- [customer-module] [    Test worker] o.s.t.web.servlet.TestDispatcherServlet  : Initializing Servlet ''
2026-03-19T16:11:19.499+07:00  INFO 83023 --- [customer-module] [    Test worker] o.s.t.web.servlet.TestDispatcherServlet  : Completed initialization in 0 ms
2026-03-19T16:11:19.504+07:00  INFO 83023 --- [customer-module] [    Test worker] c.b.c.c.EmploymentControllerTest         : Started EmploymentControllerTest in 0.454 seconds (process running for 2.768)
]]></system-out>
  <system-err><![CDATA[]]></system-err>
</testsuite>
