<?xml version="1.0" encoding="UTF-8"?>
<testsuite name="com.banking.customer.repository.KYCCheckRepositoryTest" tests="3" skipped="0" failures="0" errors="0" timestamp="2026-03-19T08:35:59" hostname="Mac" time="0.001">
  <properties/>
  <testcase name="shouldBeARepository()" classname="com.banking.customer.repository.KYCCheckRepositoryTest" time="0.0"/>
  <testcase name="shouldHaveFindByDueDateBeforeMethod()" classname="com.banking.customer.repository.KYCCheckRepositoryTest" time="0.001"/>
  <testcase name="shouldHaveFindByCustomerAndStatusMethod()" classname="com.banking.customer.repository.KYCCheckRepositoryTest" time="0.0"/>
  <system-out><![CDATA[]]></system-out>
  <system-err><![CDATA[]]></system-err>
</testsuite>
