<?xml version="1.0" encoding="UTF-8"?>
<testsuite name="com.banking.customer.controller.CustomerControllerTest" tests="8" skipped="0" failures="0" errors="0" timestamp="2026-03-19T09:11:18" hostname="Mac" time="0.049">
  <properties/>
  <testcase name="shouldReturn404WhenCustomerNotFound()" classname="com.banking.customer.controller.CustomerControllerTest" time="0.004"/>
  <testcase name="shouldSearchCustomers()" classname="com.banking.customer.controller.CustomerControllerTest" time="0.017"/>
  <testcase name="shouldReturn409WhenDuplicateCustomer()" classname="com.banking.customer.controller.CustomerControllerTest" time="0.01"/>
  <testcase name="shouldReturn400WhenCreatingCorporateCustomerWithMissingTaxId()" classname="com.banking.customer.controller.CustomerControllerTest" time="0.003"/>
  <testcase name="shouldUpdateCustomer()" classname="com.banking.customer.controller.CustomerControllerTest" time="0.005"/>
  <testcase name="shouldGetCustomerById()" classname="com.banking.customer.controller.CustomerControllerTest" time="0.002"/>
  <testcase name="shouldReturn400WhenCreatingCorporateCustomerWithMissingName()" classname="com.banking.customer.controller.CustomerControllerTest" time="0.002"/>
  <testcase name="shouldCreateCorporateCustomer()" classname="com.banking.customer.controller.CustomerControllerTest" time="0.002"/>
  <system-out><![CDATA[2026-03-19T16:11:18.809+07:00  INFO 83023 --- [customer-module] [    Test worker] t.c.s.AnnotationConfigContextLoaderUtils : Could not detect default configuration classes for test class [com.banking.customer.controller.CustomerControllerTest]: CustomerControllerTest does not declare any static, non-private, non-final, nested classes annotated with @Configuration.
2026-03-19T16:11:18.812+07:00  INFO 83023 --- [customer-module] [    Test worker] .b.t.c.SpringBootTestContextBootstrapper : Found @SpringBootConfiguration com.banking.customer.CustomerModuleApplication for test class com.banking.customer.controller.CustomerControllerTest

  .   ____          _            __ _ _
 /\\ / ___'_ __ _ _(_)_ __  __ _ \ \ \ \
( ( )\___ | '_ | '_| | '_ \/ _` | \ \ \ \
 \\/  ___)| |_)| | | | | || (_| |  ) ) ) )
  '  |____| .__|_| |_|_| |_\__, | / / / /
 =========|_|==============|___/=/_/_/_/
 :: Spring Boot ::                (v3.2.5)

2026-03-19T16:11:18.826+07:00  INFO 83023 --- [customer-module] [    Test worker] c.b.c.controller.CustomerControllerTest  : Starting CustomerControllerTest using Java 21.0.6 with PID 83023 (started by me in /Users/me/myprojects/opencode-superpowers/.worktrees/foundation)
2026-03-19T16:11:18.827+07:00  INFO 83023 --- [customer-module] [    Test worker] c.b.c.controller.CustomerControllerTest  : No active profile set, falling back to 1 default profile: "default"
2026-03-19T16:11:18.988+07:00  INFO 83023 --- [customer-module] [    Test worker] o.s.b.t.m.w.SpringBootMockServletContext : Initializing Spring TestDispatcherServlet ''
2026-03-19T16:11:18.988+07:00  INFO 83023 --- [customer-module] [    Test worker] o.s.t.web.servlet.TestDispatcherServlet  : Initializing Servlet ''
2026-03-19T16:11:18.989+07:00  INFO 83023 --- [customer-module] [    Test worker] o.s.t.web.servlet.TestDispatcherServlet  : Completed initialization in 1 ms
2026-03-19T16:11:18.993+07:00  INFO 83023 --- [customer-module] [    Test worker] c.b.c.controller.CustomerControllerTest  : Started CustomerControllerTest in 0.179 seconds (process running for 2.256)
]]></system-out>
  <system-err><![CDATA[]]></system-err>
</testsuite>
