<?xml version="1.0" encoding="UTF-8"?>
<testsuite name="com.banking.customer.controller.GlobalExceptionHandlerTest" tests="4" skipped="0" failures="0" errors="0" timestamp="2026-03-19T09:11:19" hostname="Mac" time="0.013">
  <properties/>
  <testcase name="shouldHandleCustomerNotFoundException()" classname="com.banking.customer.controller.GlobalExceptionHandlerTest" time="0.003"/>
  <testcase name="shouldHandleIllegalArgumentException()" classname="com.banking.customer.controller.GlobalExceptionHandlerTest" time="0.002"/>
  <testcase name="shouldHandleValidationException()" classname="com.banking.customer.controller.GlobalExceptionHandlerTest" time="0.004"/>
  <testcase name="shouldHandleDuplicateCustomerException()" classname="com.banking.customer.controller.GlobalExceptionHandlerTest" time="0.002"/>
  <system-out><![CDATA[2026-03-19T16:11:19.529+07:00  INFO 83023 --- [customer-module] [    Test worker] t.c.s.AnnotationConfigContextLoaderUtils : Could not detect default configuration classes for test class [com.banking.customer.controller.GlobalExceptionHandlerTest]: GlobalExceptionHandlerTest does not declare any static, non-private, non-final, nested classes annotated with @Configuration.
2026-03-19T16:11:19.532+07:00  INFO 83023 --- [customer-module] [    Test worker] .b.t.c.SpringBootTestContextBootstrapper : Found @SpringBootConfiguration com.banking.customer.CustomerModuleApplication for test class com.banking.customer.controller.GlobalExceptionHandlerTest
]]></system-out>
  <system-err><![CDATA[]]></system-err>
</testsuite>
