<?xml version="1.0" encoding="UTF-8"?>
<testsuite name="com.banking.customer.service.AuthorizationServiceTest" tests="8" skipped="0" failures="0" errors="0" timestamp="2026-03-19T08:55:25" hostname="Mac" time="0.259">
  <properties/>
  <testcase name="shouldCreateAuthorization()" classname="com.banking.customer.service.AuthorizationServiceTest" time="0.237"/>
  <testcase name="shouldGetExpiringAuthorizations()" classname="com.banking.customer.service.AuthorizationServiceTest" time="0.002"/>
  <testcase name="shouldThrowExceptionWhenAuthorizationNotFoundForRevoke()" classname="com.banking.customer.service.AuthorizationServiceTest" time="0.002"/>
  <testcase name="shouldThrowExceptionWhenAuthorizationNotFoundForUpdate()" classname="com.banking.customer.service.AuthorizationServiceTest" time="0.002"/>
  <testcase name="shouldThrowExceptionWhenCustomerNotFound()" classname="com.banking.customer.service.AuthorizationServiceTest" time="0.002"/>
  <testcase name="shouldRevokeAuthorization()" classname="com.banking.customer.service.AuthorizationServiceTest" time="0.006"/>
  <testcase name="shouldUpdateAuthorization()" classname="com.banking.customer.service.AuthorizationServiceTest" time="0.003"/>
  <testcase name="shouldGetActiveAuthorizations()" classname="com.banking.customer.service.AuthorizationServiceTest" time="0.002"/>
  <system-out><![CDATA[]]></system-out>
  <system-err><![CDATA[]]></system-err>
</testsuite>
