<?xml version="1.0" encoding="UTF-8"?>
<testsuite name="com.banking.customer.service.KYCServiceTest" tests="14" skipped="0" failures="0" errors="0" timestamp="2026-03-19T08:35:59" hostname="Mac" time="0.132">
  <properties/>
  <testcase name="shouldInitiateKYCForNewCustomer()" classname="com.banking.customer.service.KYCServiceTest" time="0.117"/>
  <testcase name="shouldThrowExceptionWhenSubmittingDocumentsToNonInProgressKYC()" classname="com.banking.customer.service.KYCServiceTest" time="0.001"/>
  <testcase name="shouldScheduleReview()" classname="com.banking.customer.service.KYCServiceTest" time="0.001"/>
  <testcase name="shouldApproveKYC()" classname="com.banking.customer.service.KYCServiceTest" time="0.001"/>
  <testcase name="shouldThrowExceptionWhenInitiatingKYCForCustomerWithApprovedKYC()" classname="com.banking.customer.service.KYCServiceTest" time="0.0"/>
  <testcase name="shouldThrowExceptionForMismatchedDocumentCounts()" classname="com.banking.customer.service.KYCServiceTest" time="0.0"/>
  <testcase name="shouldThrowExceptionWhenKYCNotFound()" classname="com.banking.customer.service.KYCServiceTest" time="0.0"/>
  <testcase name="shouldRejectWhenSanctionsMatch()" classname="com.banking.customer.service.KYCServiceTest" time="0.001"/>
  <testcase name="shouldSubmitDocuments()" classname="com.banking.customer.service.KYCServiceTest" time="0.001"/>
  <testcase name="shouldThrowExceptionWhenApprovingNonPendingKYC()" classname="com.banking.customer.service.KYCServiceTest" time="0.001"/>
  <testcase name="shouldSubmitForReview()" classname="com.banking.customer.service.KYCServiceTest" time="0.001"/>
  <testcase name="shouldRejectKYC()" classname="com.banking.customer.service.KYCServiceTest" time="0.001"/>
  <testcase name="shouldThrowExceptionWhenRejectingAlreadyCompletedKYC()" classname="com.banking.customer.service.KYCServiceTest" time="0.0"/>
  <testcase name="shouldThrowExceptionWhenSchedulingReviewForCompletedKYC()" classname="com.banking.customer.service.KYCServiceTest" time="0.0"/>
  <system-out><![CDATA[]]></system-out>
  <system-err><![CDATA[]]></system-err>
</testsuite>
