<?xml version="1.0" encoding="UTF-8"?>
<testsuite name="com.banking.customer.service.EmploymentRelationshipServiceIntegrationTest" tests="10" skipped="0" failures="0" errors="0" timestamp="2026-03-19T08:35:59" hostname="Mac" time="0.103">
  <properties/>
  <testcase name="shouldHandleBulkUploadWithMixedResults()" classname="com.banking.customer.service.EmploymentRelationshipServiceIntegrationTest" time="0.023"/>
  <testcase name="shouldThrowExceptionForInvalidEmployer()" classname="com.banking.customer.service.EmploymentRelationshipServiceIntegrationTest" time="0.009"/>
  <testcase name="shouldCreateEmploymentRelationshipWithSMEEmployer()" classname="com.banking.customer.service.EmploymentRelationshipServiceIntegrationTest" time="0.008"/>
  <testcase name="shouldCreateEmploymentRelationshipWithCorporateEmployer()" classname="com.banking.customer.service.EmploymentRelationshipServiceIntegrationTest" time="0.008"/>
  <testcase name="shouldFindActiveEmploymentsForEmployee()" classname="com.banking.customer.service.EmploymentRelationshipServiceIntegrationTest" time="0.01"/>
  <testcase name="shouldFindActiveEmploymentsForEmployer()" classname="com.banking.customer.service.EmploymentRelationshipServiceIntegrationTest" time="0.01"/>
  <testcase name="shouldBulkUploadEmployeesSuccessfully()" classname="com.banking.customer.service.EmploymentRelationshipServiceIntegrationTest" time="0.015"/>
  <testcase name="shouldThrowExceptionWhenTerminatingNonExistentEmployment()" classname="com.banking.customer.service.EmploymentRelationshipServiceIntegrationTest" time="0.007"/>
  <testcase name="shouldHandleEmptyCSVContent()" classname="com.banking.customer.service.EmploymentRelationshipServiceIntegrationTest" time="0.005"/>
  <testcase name="shouldTerminateEmploymentRelationship()" classname="com.banking.customer.service.EmploymentRelationshipServiceIntegrationTest" time="0.005"/>
  <system-out><![CDATA[2026-03-19T15:35:59.605+07:00  INFO 71233 --- [customer-module-test] [    Test worker] t.c.s.AnnotationConfigContextLoaderUtils : Could not detect default configuration classes for test class [com.banking.customer.service.EmploymentRelationshipServiceIntegrationTest]: EmploymentRelationshipServiceIntegrationTest does not declare any static, non-private, non-final, nested classes annotated with @Configuration.
2026-03-19T15:35:59.608+07:00  INFO 71233 --- [customer-module-test] [    Test worker] .b.t.c.SpringBootTestContextBootstrapper : Found @SpringBootConfiguration com.banking.customer.CustomerModuleApplication for test class com.banking.customer.service.EmploymentRelationshipServiceIntegrationTest
Hibernate: 
    select
        er1_0.id,
        er1_0.created_at,
        er1_0.created_by,
        er1_0.updated_at,
        er1_0.updated_by,
        er1_0.department,
        er1_0.employee_id,
        er1_0.employee_number,
        er1_0.employer_id,
        er1_0.end_date,
        er1_0.position,
        er1_0.start_date,
        er1_0.status 
    from
        employment_relationships er1_0
Hibernate: 
    select
        c1_0.id,
        c1_0.customer_type,
        c1_0.created_at,
        c1_0.created_by,
        c1_0.updated_at,
        c1_0.updated_by,
        c1_0.customer_number,
        c1_0.name,
        c1_0.status,
        c1_0.tax_id,
        c1_0.customer_type,
        c1_1.annual_revenue_amount,
        c1_1.annual_revenue_currency,
        c1_1.employee_count,
        c1_1.industry,
        c1_1.registration_number,
        c1_1.website,
        c1_2.date_of_birth,
        c1_2.employer_id,
        c1_2.employment_status,
        c1_2.nationality,
        c1_2.place_of_birth,
        c1_3.annual_turnover_amount,
        c1_3.annual_turnover_currency,
        c1_3.business_type,
        c1_3.industry,
        c1_3.registration_number,
        c1_3.years_in_operation 
    from
        customers c1_0 
    left join
        corporate_customer c1_1 
            on c1_0.id=c1_1.id 
    left join
        individual_customer c1_2 
            on c1_0.id=c1_2.id 
    left join
        smecustomer c1_3 
            on c1_0.id=c1_3.id
Hibernate: 
    insert 
    into
        customers
        (created_at, created_by, updated_at, updated_by, customer_number, name, status, tax_id, customer_type, id) 
    values
        (?, ?, ?, ?, ?, ?, ?, ?, 'INDIVIDUAL', default)
Hibernate: 
    insert 
    into
        individual_customer
        (date_of_birth, employer_id, employment_status, nationality, place_of_birth, id) 
    values
        (?, ?, ?, ?, ?, ?)
Hibernate: 
    insert 
    into
        customers
        (created_at, created_by, updated_at, updated_by, customer_number, name, status, tax_id, customer_type, id) 
    values
        (?, ?, ?, ?, ?, ?, ?, ?, 'CORPORATE', default)
Hibernate: 
    insert 
    into
        corporate_customer
        (annual_revenue_amount, annual_revenue_currency, employee_count, industry, registration_number, website, id) 
    values
        (?, ?, ?, ?, ?, ?, ?)
Hibernate: 
    insert 
    into
        customers
        (created_at, created_by, updated_at, updated_by, customer_number, name, status, tax_id, customer_type, id) 
    values
        (?, ?, ?, ?, ?, ?, ?, ?, 'SME', default)
Hibernate: 
    insert 
    into
        smecustomer
        (annual_turnover_amount, annual_turnover_currency, business_type, industry, registration_number, years_in_operation, id) 
    values
        (?, ?, ?, ?, ?, ?, ?)
Hibernate: 
    insert 
    into
        customers
        (created_at, created_by, updated_at, updated_by, customer_number, name, status, tax_id, customer_type, id) 
    values
        (?, ?, ?, ?, ?, ?, ?, ?, 'INDIVIDUAL', default)
Hibernate: 
    insert 
    into
        individual_customer
        (date_of_birth, employer_id, employment_status, nationality, place_of_birth, id) 
    values
        (?, ?, ?, ?, ?, ?)
Hibernate: 
    select
        c1_0.id,
        c1_0.customer_type,
        c1_0.created_at,
        c1_0.created_by,
        c1_0.updated_at,
        c1_0.updated_by,
        c1_0.customer_number,
        c1_0.name,
        c1_0.status,
        c1_0.tax_id,
        c1_0.customer_type,
        c1_1.annual_revenue_amount,
        c1_1.annual_revenue_currency,
        c1_1.employee_count,
        c1_1.industry,
        c1_1.registration_number,
        c1_1.website,
        c1_2.date_of_birth,
        c1_2.employer_id,
        c1_2.employment_status,
        c1_2.nationality,
        c1_2.place_of_birth,
        c1_3.annual_turnover_amount,
        c1_3.annual_turnover_currency,
        c1_3.business_type,
        c1_3.industry,
        c1_3.registration_number,
        c1_3.years_in_operation 
    from
        customers c1_0 
    left join
        corporate_customer c1_1 
            on c1_0.id=c1_1.id 
    left join
        individual_customer c1_2 
            on c1_0.id=c1_2.id 
    left join
        smecustomer c1_3 
            on c1_0.id=c1_3.id 
    where
        c1_0.customer_number=?
Hibernate: 
    insert 
    into
        employment_relationships
        (created_at, created_by, updated_at, updated_by, department, employee_id, employee_number, employer_id, end_date, position, start_date, status, id) 
    values
        (?, ?, ?, ?, ?, ?, ?, ?, ?, ?, ?, ?, default)
Hibernate: 
    select
        c1_0.id,
        c1_0.customer_type,
        c1_0.created_at,
        c1_0.created_by,
        c1_0.updated_at,
        c1_0.updated_by,
        c1_0.customer_number,
        c1_0.name,
        c1_0.status,
        c1_0.tax_id,
        c1_0.customer_type,
        c1_1.annual_revenue_amount,
        c1_1.annual_revenue_currency,
        c1_1.employee_count,
        c1_1.industry,
        c1_1.registration_number,
        c1_1.website,
        c1_2.date_of_birth,
        c1_2.employer_id,
        c1_2.employment_status,
        c1_2.nationality,
        c1_2.place_of_birth,
        c1_3.annual_turnover_amount,
        c1_3.annual_turnover_currency,
        c1_3.business_type,
        c1_3.industry,
        c1_3.registration_number,
        c1_3.years_in_operation 
    from
        customers c1_0 
    left join
        corporate_customer c1_1 
            on c1_0.id=c1_1.id 
    left join
        individual_customer c1_2 
            on c1_0.id=c1_2.id 
    left join
        smecustomer c1_3 
            on c1_0.id=c1_3.id 
    where
        c1_0.customer_number=?
Hibernate: 
    select
        er1_0.id,
        er1_0.created_at,
        er1_0.created_by,
        er1_0.updated_at,
        er1_0.updated_by,
        er1_0.department,
        er1_0.employee_id,
        er1_0.employee_number,
        er1_0.employer_id,
        er1_0.end_date,
        er1_0.position,
        er1_0.start_date,
        er1_0.status 
    from
        employment_relationships er1_0
Hibernate: 
    select
        c1_0.id,
        c1_0.customer_type,
        c1_0.created_at,
        c1_0.created_by,
        c1_0.updated_at,
        c1_0.updated_by,
        c1_0.customer_number,
        c1_0.name,
        c1_0.status,
        c1_0.tax_id,
        c1_0.customer_type,
        c1_1.annual_revenue_amount,
        c1_1.annual_revenue_currency,
        c1_1.employee_count,
        c1_1.industry,
        c1_1.registration_number,
        c1_1.website,
        c1_2.date_of_birth,
        c1_2.employer_id,
        c1_2.employment_status,
        c1_2.nationality,
        c1_2.place_of_birth,
        c1_3.annual_turnover_amount,
        c1_3.annual_turnover_currency,
        c1_3.business_type,
        c1_3.industry,
        c1_3.registration_number,
        c1_3.years_in_operation 
    from
        customers c1_0 
    left join
        corporate_customer c1_1 
            on c1_0.id=c1_1.id 
    left join
        individual_customer c1_2 
            on c1_0.id=c1_2.id 
    left join
        smecustomer c1_3 
            on c1_0.id=c1_3.id
Hibernate: 
    insert 
    into
        customers
        (created_at, created_by, updated_at, updated_by, customer_number, name, status, tax_id, customer_type, id) 
    values
        (?, ?, ?, ?, ?, ?, ?, ?, 'INDIVIDUAL', default)
Hibernate: 
    insert 
    into
        individual_customer
        (date_of_birth, employer_id, employment_status, nationality, place_of_birth, id) 
    values
        (?, ?, ?, ?, ?, ?)
Hibernate: 
    insert 
    into
        customers
        (created_at, created_by, updated_at, updated_by, customer_number, name, status, tax_id, customer_type, id) 
    values
        (?, ?, ?, ?, ?, ?, ?, ?, 'CORPORATE', default)
Hibernate: 
    insert 
    into
        corporate_customer
        (annual_revenue_amount, annual_revenue_currency, employee_count, industry, registration_number, website, id) 
    values
        (?, ?, ?, ?, ?, ?, ?)
Hibernate: 
    insert 
    into
        customers
        (created_at, created_by, updated_at, updated_by, customer_number, name, status, tax_id, customer_type, id) 
    values
        (?, ?, ?, ?, ?, ?, ?, ?, 'SME', default)
Hibernate: 
    insert 
    into
        smecustomer
        (annual_turnover_amount, annual_turnover_currency, business_type, industry, registration_number, years_in_operation, id) 
    values
        (?, ?, ?, ?, ?, ?, ?)
Hibernate: 
    insert 
    into
        customers
        (created_at, created_by, updated_at, updated_by, customer_number, name, status, tax_id, customer_type, id) 
    values
        (?, ?, ?, ?, ?, ?, ?, ?, 'INDIVIDUAL', default)
Hibernate: 
    insert 
    into
        individual_customer
        (date_of_birth, employer_id, employment_status, nationality, place_of_birth, id) 
    values
        (?, ?, ?, ?, ?, ?)
Hibernate: 
    select
        er1_0.id,
        er1_0.created_at,
        er1_0.created_by,
        er1_0.updated_at,
        er1_0.updated_by,
        er1_0.department,
        er1_0.employee_id,
        er1_0.employee_number,
        er1_0.employer_id,
        er1_0.end_date,
        er1_0.position,
        er1_0.start_date,
        er1_0.status 
    from
        employment_relationships er1_0
Hibernate: 
    select
        c1_0.id,
        c1_0.customer_type,
        c1_0.created_at,
        c1_0.created_by,
        c1_0.updated_at,
        c1_0.updated_by,
        c1_0.customer_number,
        c1_0.name,
        c1_0.status,
        c1_0.tax_id,
        c1_0.customer_type,
        c1_1.annual_revenue_amount,
        c1_1.annual_revenue_currency,
        c1_1.employee_count,
        c1_1.industry,
        c1_1.registration_number,
        c1_1.website,
        c1_2.date_of_birth,
        c1_2.employer_id,
        c1_2.employment_status,
        c1_2.nationality,
        c1_2.place_of_birth,
        c1_3.annual_turnover_amount,
        c1_3.annual_turnover_currency,
        c1_3.business_type,
        c1_3.industry,
        c1_3.registration_number,
        c1_3.years_in_operation 
    from
        customers c1_0 
    left join
        corporate_customer c1_1 
            on c1_0.id=c1_1.id 
    left join
        individual_customer c1_2 
            on c1_0.id=c1_2.id 
    left join
        smecustomer c1_3 
            on c1_0.id=c1_3.id
Hibernate: 
    insert 
    into
        customers
        (created_at, created_by, updated_at, updated_by, customer_number, name, status, tax_id, customer_type, id) 
    values
        (?, ?, ?, ?, ?, ?, ?, ?, 'INDIVIDUAL', default)
Hibernate: 
    insert 
    into
        individual_customer
        (date_of_birth, employer_id, employment_status, nationality, place_of_birth, id) 
    values
        (?, ?, ?, ?, ?, ?)
Hibernate: 
    insert 
    into
        customers
        (created_at, created_by, updated_at, updated_by, customer_number, name, status, tax_id, customer_type, id) 
    values
        (?, ?, ?, ?, ?, ?, ?, ?, 'CORPORATE', default)
Hibernate: 
    insert 
    into
        corporate_customer
        (annual_revenue_amount, annual_revenue_currency, employee_count, industry, registration_number, website, id) 
    values
        (?, ?, ?, ?, ?, ?, ?)
Hibernate: 
    insert 
    into
        customers
        (created_at, created_by, updated_at, updated_by, customer_number, name, status, tax_id, customer_type, id) 
    values
        (?, ?, ?, ?, ?, ?, ?, ?, 'SME', default)
Hibernate: 
    insert 
    into
        smecustomer
        (annual_turnover_amount, annual_turnover_currency, business_type, industry, registration_number, years_in_operation, id) 
    values
        (?, ?, ?, ?, ?, ?, ?)
Hibernate: 
    insert 
    into
        employment_relationships
        (created_at, created_by, updated_at, updated_by, department, employee_id, employee_number, employer_id, end_date, position, start_date, status, id) 
    values
        (?, ?, ?, ?, ?, ?, ?, ?, ?, ?, ?, ?, default)
Hibernate: 
    select
        er1_0.id,
        er1_0.created_at,
        er1_0.created_by,
        er1_0.updated_at,
        er1_0.updated_by,
        er1_0.department,
        er1_0.employee_id,
        er1_0.employee_number,
        er1_0.employer_id,
        er1_0.end_date,
        er1_0.position,
        er1_0.start_date,
        er1_0.status 
    from
        employment_relationships er1_0
Hibernate: 
    select
        c1_0.id,
        c1_0.customer_type,
        c1_0.created_at,
        c1_0.created_by,
        c1_0.updated_at,
        c1_0.updated_by,
        c1_0.customer_number,
        c1_0.name,
        c1_0.status,
        c1_0.tax_id,
        c1_0.customer_type,
        c1_1.annual_revenue_amount,
        c1_1.annual_revenue_currency,
        c1_1.employee_count,
        c1_1.industry,
        c1_1.registration_number,
        c1_1.website,
        c1_2.date_of_birth,
        c1_2.employer_id,
        c1_2.employment_status,
        c1_2.nationality,
        c1_2.place_of_birth,
        c1_3.annual_turnover_amount,
        c1_3.annual_turnover_currency,
        c1_3.business_type,
        c1_3.industry,
        c1_3.registration_number,
        c1_3.years_in_operation 
    from
        customers c1_0 
    left join
        corporate_customer c1_1 
            on c1_0.id=c1_1.id 
    left join
        individual_customer c1_2 
            on c1_0.id=c1_2.id 
    left join
        smecustomer c1_3 
            on c1_0.id=c1_3.id
Hibernate: 
    insert 
    into
        customers
        (created_at, created_by, updated_at, updated_by, customer_number, name, status, tax_id, customer_type, id) 
    values
        (?, ?, ?, ?, ?, ?, ?, ?, 'INDIVIDUAL', default)
Hibernate: 
    insert 
    into
        individual_customer
        (date_of_birth, employer_id, employment_status, nationality, place_of_birth, id) 
    values
        (?, ?, ?, ?, ?, ?)
Hibernate: 
    insert 
    into
        customers
        (created_at, created_by, updated_at, updated_by, customer_number, name, status, tax_id, customer_type, id) 
    values
        (?, ?, ?, ?, ?, ?, ?, ?, 'CORPORATE', default)
Hibernate: 
    insert 
    into
        corporate_customer
        (annual_revenue_amount, annual_revenue_currency, employee_count, industry, registration_number, website, id) 
    values
        (?, ?, ?, ?, ?, ?, ?)
Hibernate: 
    insert 
    into
        customers
        (created_at, created_by, updated_at, updated_by, customer_number, name, status, tax_id, customer_type, id) 
    values
        (?, ?, ?, ?, ?, ?, ?, ?, 'SME', default)
Hibernate: 
    insert 
    into
        smecustomer
        (annual_turnover_amount, annual_turnover_currency, business_type, industry, registration_number, years_in_operation, id) 
    values
        (?, ?, ?, ?, ?, ?, ?)
Hibernate: 
    insert 
    into
        employment_relationships
        (created_at, created_by, updated_at, updated_by, department, employee_id, employee_number, employer_id, end_date, position, start_date, status, id) 
    values
        (?, ?, ?, ?, ?, ?, ?, ?, ?, ?, ?, ?, default)
Hibernate: 
    select
        er1_0.id,
        er1_0.created_at,
        er1_0.created_by,
        er1_0.updated_at,
        er1_0.updated_by,
        er1_0.department,
        er1_0.employee_id,
        er1_0.employee_number,
        er1_0.employer_id,
        er1_0.end_date,
        er1_0.position,
        er1_0.start_date,
        er1_0.status 
    from
        employment_relationships er1_0
Hibernate: 
    select
        c1_0.id,
        c1_0.customer_type,
        c1_0.created_at,
        c1_0.created_by,
        c1_0.updated_at,
        c1_0.updated_by,
        c1_0.customer_number,
        c1_0.name,
        c1_0.status,
        c1_0.tax_id,
        c1_0.customer_type,
        c1_1.annual_revenue_amount,
        c1_1.annual_revenue_currency,
        c1_1.employee_count,
        c1_1.industry,
        c1_1.registration_number,
        c1_1.website,
        c1_2.date_of_birth,
        c1_2.employer_id,
        c1_2.employment_status,
        c1_2.nationality,
        c1_2.place_of_birth,
        c1_3.annual_turnover_amount,
        c1_3.annual_turnover_currency,
        c1_3.business_type,
        c1_3.industry,
        c1_3.registration_number,
        c1_3.years_in_operation 
    from
        customers c1_0 
    left join
        corporate_customer c1_1 
            on c1_0.id=c1_1.id 
    left join
        individual_customer c1_2 
            on c1_0.id=c1_2.id 
    left join
        smecustomer c1_3 
            on c1_0.id=c1_3.id
Hibernate: 
    insert 
    into
        customers
        (created_at, created_by, updated_at, updated_by, customer_number, name, status, tax_id, customer_type, id) 
    values
        (?, ?, ?, ?, ?, ?, ?, ?, 'INDIVIDUAL', default)
Hibernate: 
    insert 
    into
        individual_customer
        (date_of_birth, employer_id, employment_status, nationality, place_of_birth, id) 
    values
        (?, ?, ?, ?, ?, ?)
Hibernate: 
    insert 
    into
        customers
        (created_at, created_by, updated_at, updated_by, customer_number, name, status, tax_id, customer_type, id) 
    values
        (?, ?, ?, ?, ?, ?, ?, ?, 'CORPORATE', default)
Hibernate: 
    insert 
    into
        corporate_customer
        (annual_revenue_amount, annual_revenue_currency, employee_count, industry, registration_number, website, id) 
    values
        (?, ?, ?, ?, ?, ?, ?)
Hibernate: 
    insert 
    into
        customers
        (created_at, created_by, updated_at, updated_by, customer_number, name, status, tax_id, customer_type, id) 
    values
        (?, ?, ?, ?, ?, ?, ?, ?, 'SME', default)
Hibernate: 
    insert 
    into
        smecustomer
        (annual_turnover_amount, annual_turnover_currency, business_type, industry, registration_number, years_in_operation, id) 
    values
        (?, ?, ?, ?, ?, ?, ?)
Hibernate: 
    insert 
    into
        employment_relationships
        (created_at, created_by, updated_at, updated_by, department, employee_id, employee_number, employer_id, end_date, position, start_date, status, id) 
    values
        (?, ?, ?, ?, ?, ?, ?, ?, ?, ?, ?, ?, default)
Hibernate: 
    insert 
    into
        employment_relationships
        (created_at, created_by, updated_at, updated_by, department, employee_id, employee_number, employer_id, end_date, position, start_date, status, id) 
    values
        (?, ?, ?, ?, ?, ?, ?, ?, ?, ?, ?, ?, default)
Hibernate: 
    select
        er1_0.id,
        er1_0.created_at,
        er1_0.created_by,
        er1_0.updated_at,
        er1_0.updated_by,
        er1_0.department,
        er1_0.employee_id,
        er1_0.employee_number,
        er1_0.employer_id,
        er1_0.end_date,
        er1_0.position,
        er1_0.start_date,
        er1_0.status 
    from
        employment_relationships er1_0 
    where
        er1_0.employee_id=? 
        and er1_0.status=?
Hibernate: 
    select
        er1_0.id,
        er1_0.created_at,
        er1_0.created_by,
        er1_0.updated_at,
        er1_0.updated_by,
        er1_0.department,
        er1_0.employee_id,
        er1_0.employee_number,
        er1_0.employer_id,
        er1_0.end_date,
        er1_0.position,
        er1_0.start_date,
        er1_0.status 
    from
        employment_relationships er1_0
Hibernate: 
    select
        c1_0.id,
        c1_0.customer_type,
        c1_0.created_at,
        c1_0.created_by,
        c1_0.updated_at,
        c1_0.updated_by,
        c1_0.customer_number,
        c1_0.name,
        c1_0.status,
        c1_0.tax_id,
        c1_0.customer_type,
        c1_1.annual_revenue_amount,
        c1_1.annual_revenue_currency,
        c1_1.employee_count,
        c1_1.industry,
        c1_1.registration_number,
        c1_1.website,
        c1_2.date_of_birth,
        c1_2.employer_id,
        c1_2.employment_status,
        c1_2.nationality,
        c1_2.place_of_birth,
        c1_3.annual_turnover_amount,
        c1_3.annual_turnover_currency,
        c1_3.business_type,
        c1_3.industry,
        c1_3.registration_number,
        c1_3.years_in_operation 
    from
        customers c1_0 
    left join
        corporate_customer c1_1 
            on c1_0.id=c1_1.id 
    left join
        individual_customer c1_2 
            on c1_0.id=c1_2.id 
    left join
        smecustomer c1_3 
            on c1_0.id=c1_3.id
Hibernate: 
    insert 
    into
        customers
        (created_at, created_by, updated_at, updated_by, customer_number, name, status, tax_id, customer_type, id) 
    values
        (?, ?, ?, ?, ?, ?, ?, ?, 'INDIVIDUAL', default)
Hibernate: 
    insert 
    into
        individual_customer
        (date_of_birth, employer_id, employment_status, nationality, place_of_birth, id) 
    values
        (?, ?, ?, ?, ?, ?)
Hibernate: 
    insert 
    into
        customers
        (created_at, created_by, updated_at, updated_by, customer_number, name, status, tax_id, customer_type, id) 
    values
        (?, ?, ?, ?, ?, ?, ?, ?, 'CORPORATE', default)
Hibernate: 
    insert 
    into
        corporate_customer
        (annual_revenue_amount, annual_revenue_currency, employee_count, industry, registration_number, website, id) 
    values
        (?, ?, ?, ?, ?, ?, ?)
Hibernate: 
    insert 
    into
        customers
        (created_at, created_by, updated_at, updated_by, customer_number, name, status, tax_id, customer_type, id) 
    values
        (?, ?, ?, ?, ?, ?, ?, ?, 'SME', default)
Hibernate: 
    insert 
    into
        smecustomer
        (annual_turnover_amount, annual_turnover_currency, business_type, industry, registration_number, years_in_operation, id) 
    values
        (?, ?, ?, ?, ?, ?, ?)
Hibernate: 
    insert 
    into
        customers
        (created_at, created_by, updated_at, updated_by, customer_number, name, status, tax_id, customer_type, id) 
    values
        (?, ?, ?, ?, ?, ?, ?, ?, 'INDIVIDUAL', default)
Hibernate: 
    insert 
    into
        individual_customer
        (date_of_birth, employer_id, employment_status, nationality, place_of_birth, id) 
    values
        (?, ?, ?, ?, ?, ?)
Hibernate: 
    insert 
    into
        employment_relationships
        (created_at, created_by, updated_at, updated_by, department, employee_id, employee_number, employer_id, end_date, position, start_date, status, id) 
    values
        (?, ?, ?, ?, ?, ?, ?, ?, ?, ?, ?, ?, default)
Hibernate: 
    insert 
    into
        employment_relationships
        (created_at, created_by, updated_at, updated_by, department, employee_id, employee_number, employer_id, end_date, position, start_date, status, id) 
    values
        (?, ?, ?, ?, ?, ?, ?, ?, ?, ?, ?, ?, default)
Hibernate: 
    select
        er1_0.id,
        er1_0.created_at,
        er1_0.created_by,
        er1_0.updated_at,
        er1_0.updated_by,
        er1_0.department,
        er1_0.employee_id,
        er1_0.employee_number,
        er1_0.employer_id,
        er1_0.end_date,
        er1_0.position,
        er1_0.start_date,
        er1_0.status 
    from
        employment_relationships er1_0 
    where
        er1_0.employer_id=? 
        and er1_0.status=?
Hibernate: 
    select
        er1_0.id,
        er1_0.created_at,
        er1_0.created_by,
        er1_0.updated_at,
        er1_0.updated_by,
        er1_0.department,
        er1_0.employee_id,
        er1_0.employee_number,
        er1_0.employer_id,
        er1_0.end_date,
        er1_0.position,
        er1_0.start_date,
        er1_0.status 
    from
        employment_relationships er1_0
Hibernate: 
    select
        c1_0.id,
        c1_0.customer_type,
        c1_0.created_at,
        c1_0.created_by,
        c1_0.updated_at,
        c1_0.updated_by,
        c1_0.customer_number,
        c1_0.name,
        c1_0.status,
        c1_0.tax_id,
        c1_0.customer_type,
        c1_1.annual_revenue_amount,
        c1_1.annual_revenue_currency,
        c1_1.employee_count,
        c1_1.industry,
        c1_1.registration_number,
        c1_1.website,
        c1_2.date_of_birth,
        c1_2.employer_id,
        c1_2.employment_status,
        c1_2.nationality,
        c1_2.place_of_birth,
        c1_3.annual_turnover_amount,
        c1_3.annual_turnover_currency,
        c1_3.business_type,
        c1_3.industry,
        c1_3.registration_number,
        c1_3.years_in_operation 
    from
        customers c1_0 
    left join
        corporate_customer c1_1 
            on c1_0.id=c1_1.id 
    left join
        individual_customer c1_2 
            on c1_0.id=c1_2.id 
    left join
        smecustomer c1_3 
            on c1_0.id=c1_3.id
Hibernate: 
    insert 
    into
        customers
        (created_at, created_by, updated_at, updated_by, customer_number, name, status, tax_id, customer_type, id) 
    values
        (?, ?, ?, ?, ?, ?, ?, ?, 'INDIVIDUAL', default)
Hibernate: 
    insert 
    into
        individual_customer
        (date_of_birth, employer_id, employment_status, nationality, place_of_birth, id) 
    values
        (?, ?, ?, ?, ?, ?)
Hibernate: 
    insert 
    into
        customers
        (created_at, created_by, updated_at, updated_by, customer_number, name, status, tax_id, customer_type, id) 
    values
        (?, ?, ?, ?, ?, ?, ?, ?, 'CORPORATE', default)
Hibernate: 
    insert 
    into
        corporate_customer
        (annual_revenue_amount, annual_revenue_currency, employee_count, industry, registration_number, website, id) 
    values
        (?, ?, ?, ?, ?, ?, ?)
Hibernate: 
    insert 
    into
        customers
        (created_at, created_by, updated_at, updated_by, customer_number, name, status, tax_id, customer_type, id) 
    values
        (?, ?, ?, ?, ?, ?, ?, ?, 'SME', default)
Hibernate: 
    insert 
    into
        smecustomer
        (annual_turnover_amount, annual_turnover_currency, business_type, industry, registration_number, years_in_operation, id) 
    values
        (?, ?, ?, ?, ?, ?, ?)
Hibernate: 
    insert 
    into
        customers
        (created_at, created_by, updated_at, updated_by, customer_number, name, status, tax_id, customer_type, id) 
    values
        (?, ?, ?, ?, ?, ?, ?, ?, 'INDIVIDUAL', default)
Hibernate: 
    insert 
    into
        individual_customer
        (date_of_birth, employer_id, employment_status, nationality, place_of_birth, id) 
    values
        (?, ?, ?, ?, ?, ?)
Hibernate: 
    insert 
    into
        customers
        (created_at, created_by, updated_at, updated_by, customer_number, name, status, tax_id, customer_type, id) 
    values
        (?, ?, ?, ?, ?, ?, ?, ?, 'INDIVIDUAL', default)
Hibernate: 
    insert 
    into
        individual_customer
        (date_of_birth, employer_id, employment_status, nationality, place_of_birth, id) 
    values
        (?, ?, ?, ?, ?, ?)
Hibernate: 
    select
        c1_0.id,
        c1_0.customer_type,
        c1_0.created_at,
        c1_0.created_by,
        c1_0.updated_at,
        c1_0.updated_by,
        c1_0.customer_number,
        c1_0.name,
        c1_0.status,
        c1_0.tax_id,
        c1_0.customer_type,
        c1_1.annual_revenue_amount,
        c1_1.annual_revenue_currency,
        c1_1.employee_count,
        c1_1.industry,
        c1_1.registration_number,
        c1_1.website,
        c1_2.date_of_birth,
        c1_2.employer_id,
        c1_2.employment_status,
        c1_2.nationality,
        c1_2.place_of_birth,
        c1_3.annual_turnover_amount,
        c1_3.annual_turnover_currency,
        c1_3.business_type,
        c1_3.industry,
        c1_3.registration_number,
        c1_3.years_in_operation 
    from
        customers c1_0 
    left join
        corporate_customer c1_1 
            on c1_0.id=c1_1.id 
    left join
        individual_customer c1_2 
            on c1_0.id=c1_2.id 
    left join
        smecustomer c1_3 
            on c1_0.id=c1_3.id 
    where
        c1_0.customer_number=?
Hibernate: 
    insert 
    into
        employment_relationships
        (created_at, created_by, updated_at, updated_by, department, employee_id, employee_number, employer_id, end_date, position, start_date, status, id) 
    values
        (?, ?, ?, ?, ?, ?, ?, ?, ?, ?, ?, ?, default)
Hibernate: 
    select
        c1_0.id,
        c1_0.customer_type,
        c1_0.created_at,
        c1_0.created_by,
        c1_0.updated_at,
        c1_0.updated_by,
        c1_0.customer_number,
        c1_0.name,
        c1_0.status,
        c1_0.tax_id,
        c1_0.customer_type,
        c1_1.annual_revenue_amount,
        c1_1.annual_revenue_currency,
        c1_1.employee_count,
        c1_1.industry,
        c1_1.registration_number,
        c1_1.website,
        c1_2.date_of_birth,
        c1_2.employer_id,
        c1_2.employment_status,
        c1_2.nationality,
        c1_2.place_of_birth,
        c1_3.annual_turnover_amount,
        c1_3.annual_turnover_currency,
        c1_3.business_type,
        c1_3.industry,
        c1_3.registration_number,
        c1_3.years_in_operation 
    from
        customers c1_0 
    left join
        corporate_customer c1_1 
            on c1_0.id=c1_1.id 
    left join
        individual_customer c1_2 
            on c1_0.id=c1_2.id 
    left join
        smecustomer c1_3 
            on c1_0.id=c1_3.id 
    where
        c1_0.customer_number=?
Hibernate: 
    insert 
    into
        employment_relationships
        (created_at, created_by, updated_at, updated_by, department, employee_id, employee_number, employer_id, end_date, position, start_date, status, id) 
    values
        (?, ?, ?, ?, ?, ?, ?, ?, ?, ?, ?, ?, default)
Hibernate: 
    select
        c1_0.id,
        c1_0.customer_type,
        c1_0.created_at,
        c1_0.created_by,
        c1_0.updated_at,
        c1_0.updated_by,
        c1_0.customer_number,
        c1_0.name,
        c1_0.status,
        c1_0.tax_id,
        c1_0.customer_type,
        c1_1.annual_revenue_amount,
        c1_1.annual_revenue_currency,
        c1_1.employee_count,
        c1_1.industry,
        c1_1.registration_number,
        c1_1.website,
        c1_2.date_of_birth,
        c1_2.employer_id,
        c1_2.employment_status,
        c1_2.nationality,
        c1_2.place_of_birth,
        c1_3.annual_turnover_amount,
        c1_3.annual_turnover_currency,
        c1_3.business_type,
        c1_3.industry,
        c1_3.registration_number,
        c1_3.years_in_operation 
    from
        customers c1_0 
    left join
        corporate_customer c1_1 
            on c1_0.id=c1_1.id 
    left join
        individual_customer c1_2 
            on c1_0.id=c1_2.id 
    left join
        smecustomer c1_3 
            on c1_0.id=c1_3.id 
    where
        c1_0.customer_number=?
Hibernate: 
    insert 
    into
        employment_relationships
        (created_at, created_by, updated_at, updated_by, department, employee_id, employee_number, employer_id, end_date, position, start_date, status, id) 
    values
        (?, ?, ?, ?, ?, ?, ?, ?, ?, ?, ?, ?, default)
Hibernate: 
    select
        er1_0.id,
        er1_0.created_at,
        er1_0.created_by,
        er1_0.updated_at,
        er1_0.updated_by,
        er1_0.department,
        er1_0.employee_id,
        er1_0.employee_number,
        er1_0.employer_id,
        er1_0.end_date,
        er1_0.position,
        er1_0.start_date,
        er1_0.status 
    from
        employment_relationships er1_0
Hibernate: 
    select
        er1_0.id,
        er1_0.created_at,
        er1_0.created_by,
        er1_0.updated_at,
        er1_0.updated_by,
        er1_0.department,
        er1_0.employee_id,
        er1_0.employee_number,
        er1_0.employer_id,
        er1_0.end_date,
        er1_0.position,
        er1_0.start_date,
        er1_0.status 
    from
        employment_relationships er1_0
Hibernate: 
    select
        c1_0.id,
        c1_0.customer_type,
        c1_0.created_at,
        c1_0.created_by,
        c1_0.updated_at,
        c1_0.updated_by,
        c1_0.customer_number,
        c1_0.name,
        c1_0.status,
        c1_0.tax_id,
        c1_0.customer_type,
        c1_1.annual_revenue_amount,
        c1_1.annual_revenue_currency,
        c1_1.employee_count,
        c1_1.industry,
        c1_1.registration_number,
        c1_1.website,
        c1_2.date_of_birth,
        c1_2.employer_id,
        c1_2.employment_status,
        c1_2.nationality,
        c1_2.place_of_birth,
        c1_3.annual_turnover_amount,
        c1_3.annual_turnover_currency,
        c1_3.business_type,
        c1_3.industry,
        c1_3.registration_number,
        c1_3.years_in_operation 
    from
        customers c1_0 
    left join
        corporate_customer c1_1 
            on c1_0.id=c1_1.id 
    left join
        individual_customer c1_2 
            on c1_0.id=c1_2.id 
    left join
        smecustomer c1_3 
            on c1_0.id=c1_3.id
Hibernate: 
    insert 
    into
        customers
        (created_at, created_by, updated_at, updated_by, customer_number, name, status, tax_id, customer_type, id) 
    values
        (?, ?, ?, ?, ?, ?, ?, ?, 'INDIVIDUAL', default)
Hibernate: 
    insert 
    into
        individual_customer
        (date_of_birth, employer_id, employment_status, nationality, place_of_birth, id) 
    values
        (?, ?, ?, ?, ?, ?)
Hibernate: 
    insert 
    into
        customers
        (created_at, created_by, updated_at, updated_by, customer_number, name, status, tax_id, customer_type, id) 
    values
        (?, ?, ?, ?, ?, ?, ?, ?, 'CORPORATE', default)
Hibernate: 
    insert 
    into
        corporate_customer
        (annual_revenue_amount, annual_revenue_currency, employee_count, industry, registration_number, website, id) 
    values
        (?, ?, ?, ?, ?, ?, ?)
Hibernate: 
    insert 
    into
        customers
        (created_at, created_by, updated_at, updated_by, customer_number, name, status, tax_id, customer_type, id) 
    values
        (?, ?, ?, ?, ?, ?, ?, ?, 'SME', default)
Hibernate: 
    insert 
    into
        smecustomer
        (annual_turnover_amount, annual_turnover_currency, business_type, industry, registration_number, years_in_operation, id) 
    values
        (?, ?, ?, ?, ?, ?, ?)
Hibernate: 
    select
        er1_0.id,
        er1_0.created_at,
        er1_0.created_by,
        er1_0.updated_at,
        er1_0.updated_by,
        er1_0.department,
        er1_0.employee_id,
        er1_0.employee_number,
        er1_0.employer_id,
        er1_0.end_date,
        er1_0.position,
        er1_0.start_date,
        er1_0.status 
    from
        employment_relationships er1_0 
    where
        er1_0.id=?
Hibernate: 
    select
        er1_0.id,
        er1_0.created_at,
        er1_0.created_by,
        er1_0.updated_at,
        er1_0.updated_by,
        er1_0.department,
        er1_0.employee_id,
        er1_0.employee_number,
        er1_0.employer_id,
        er1_0.end_date,
        er1_0.position,
        er1_0.start_date,
        er1_0.status 
    from
        employment_relationships er1_0
Hibernate: 
    select
        c1_0.id,
        c1_0.customer_type,
        c1_0.created_at,
        c1_0.created_by,
        c1_0.updated_at,
        c1_0.updated_by,
        c1_0.customer_number,
        c1_0.name,
        c1_0.status,
        c1_0.tax_id,
        c1_0.customer_type,
        c1_1.annual_revenue_amount,
        c1_1.annual_revenue_currency,
        c1_1.employee_count,
        c1_1.industry,
        c1_1.registration_number,
        c1_1.website,
        c1_2.date_of_birth,
        c1_2.employer_id,
        c1_2.employment_status,
        c1_2.nationality,
        c1_2.place_of_birth,
        c1_3.annual_turnover_amount,
        c1_3.annual_turnover_currency,
        c1_3.business_type,
        c1_3.industry,
        c1_3.registration_number,
        c1_3.years_in_operation 
    from
        customers c1_0 
    left join
        corporate_customer c1_1 
            on c1_0.id=c1_1.id 
    left join
        individual_customer c1_2 
            on c1_0.id=c1_2.id 
    left join
        smecustomer c1_3 
            on c1_0.id=c1_3.id
Hibernate: 
    insert 
    into
        customers
        (created_at, created_by, updated_at, updated_by, customer_number, name, status, tax_id, customer_type, id) 
    values
        (?, ?, ?, ?, ?, ?, ?, ?, 'INDIVIDUAL', default)
Hibernate: 
    insert 
    into
        individual_customer
        (date_of_birth, employer_id, employment_status, nationality, place_of_birth, id) 
    values
        (?, ?, ?, ?, ?, ?)
Hibernate: 
    insert 
    into
        customers
        (created_at, created_by, updated_at, updated_by, customer_number, name, status, tax_id, customer_type, id) 
    values
        (?, ?, ?, ?, ?, ?, ?, ?, 'CORPORATE', default)
Hibernate: 
    insert 
    into
        corporate_customer
        (annual_revenue_amount, annual_revenue_currency, employee_count, industry, registration_number, website, id) 
    values
        (?, ?, ?, ?, ?, ?, ?)
Hibernate: 
    insert 
    into
        customers
        (created_at, created_by, updated_at, updated_by, customer_number, name, status, tax_id, customer_type, id) 
    values
        (?, ?, ?, ?, ?, ?, ?, ?, 'SME', default)
Hibernate: 
    insert 
    into
        smecustomer
        (annual_turnover_amount, annual_turnover_currency, business_type, industry, registration_number, years_in_operation, id) 
    values
        (?, ?, ?, ?, ?, ?, ?)
Hibernate: 
    select
        er1_0.id,
        er1_0.created_at,
        er1_0.created_by,
        er1_0.updated_at,
        er1_0.updated_by,
        er1_0.department,
        er1_0.employee_id,
        er1_0.employee_number,
        er1_0.employer_id,
        er1_0.end_date,
        er1_0.position,
        er1_0.start_date,
        er1_0.status 
    from
        employment_relationships er1_0
Hibernate: 
    select
        c1_0.id,
        c1_0.customer_type,
        c1_0.created_at,
        c1_0.created_by,
        c1_0.updated_at,
        c1_0.updated_by,
        c1_0.customer_number,
        c1_0.name,
        c1_0.status,
        c1_0.tax_id,
        c1_0.customer_type,
        c1_1.annual_revenue_amount,
        c1_1.annual_revenue_currency,
        c1_1.employee_count,
        c1_1.industry,
        c1_1.registration_number,
        c1_1.website,
        c1_2.date_of_birth,
        c1_2.employer_id,
        c1_2.employment_status,
        c1_2.nationality,
        c1_2.place_of_birth,
        c1_3.annual_turnover_amount,
        c1_3.annual_turnover_currency,
        c1_3.business_type,
        c1_3.industry,
        c1_3.registration_number,
        c1_3.years_in_operation 
    from
        customers c1_0 
    left join
        corporate_customer c1_1 
            on c1_0.id=c1_1.id 
    left join
        individual_customer c1_2 
            on c1_0.id=c1_2.id 
    left join
        smecustomer c1_3 
            on c1_0.id=c1_3.id
Hibernate: 
    insert 
    into
        customers
        (created_at, created_by, updated_at, updated_by, customer_number, name, status, tax_id, customer_type, id) 
    values
        (?, ?, ?, ?, ?, ?, ?, ?, 'INDIVIDUAL', default)
Hibernate: 
    insert 
    into
        individual_customer
        (date_of_birth, employer_id, employment_status, nationality, place_of_birth, id) 
    values
        (?, ?, ?, ?, ?, ?)
Hibernate: 
    insert 
    into
        customers
        (created_at, created_by, updated_at, updated_by, customer_number, name, status, tax_id, customer_type, id) 
    values
        (?, ?, ?, ?, ?, ?, ?, ?, 'CORPORATE', default)
Hibernate: 
    insert 
    into
        corporate_customer
        (annual_revenue_amount, annual_revenue_currency, employee_count, industry, registration_number, website, id) 
    values
        (?, ?, ?, ?, ?, ?, ?)
Hibernate: 
    insert 
    into
        customers
        (created_at, created_by, updated_at, updated_by, customer_number, name, status, tax_id, customer_type, id) 
    values
        (?, ?, ?, ?, ?, ?, ?, ?, 'SME', default)
Hibernate: 
    insert 
    into
        smecustomer
        (annual_turnover_amount, annual_turnover_currency, business_type, industry, registration_number, years_in_operation, id) 
    values
        (?, ?, ?, ?, ?, ?, ?)
Hibernate: 
    insert 
    into
        employment_relationships
        (created_at, created_by, updated_at, updated_by, department, employee_id, employee_number, employer_id, end_date, position, start_date, status, id) 
    values
        (?, ?, ?, ?, ?, ?, ?, ?, ?, ?, ?, ?, default)
]]></system-out>
  <system-err><![CDATA[]]></system-err>
</testsuite>
